TN:
SF:script/Deploy.s.sol
FN:12,DeployScript.setUp
FNDA:0,DeployScript.setUp
FN:14,DeployScript.run
FNDA:0,DeployScript.run
DA:16,0
DA:17,0
DA:18,0
DA:21,0
DA:22,0
DA:23,0
DA:26,0
FNF:2
FNH:0
LF:7
LH:0
BRF:0
BRH:0
end_of_record
TN:
SF:src/NostradaoBettingOracles.sol
FN:32,NostradaoBettingOracle.
FNDA:31,NostradaoBettingOracle.
FN:36,NostradaoBettingOracle.setBettingContract
FNDA:15,NostradaoBettingOracle.setBettingContract
DA:37,14
DA:38,14
FN:44,NostradaoBettingOracle.resolveBet
FNDA:17,NostradaoBettingOracle.resolveBet
DA:45,17
BRDA:45,0,0,1
DA:46,16
BRDA:46,1,0,1
DA:48,15
DA:51,15
DA:53,15
FN:59,NostradaoBettingOracle.getWinningOutcome
FNDA:2,NostradaoBettingOracle.getWinningOutcome
DA:60,2
DA:61,2
BRDA:61,2,0,1
BRDA:61,2,1,1
DA:62,1
FNF:4
FNH:4
LF:10
LH:10
BRF:4
BRH:4
end_of_record
TN:
SF:src/NostradaoMarket.sol
FN:80,NostradaoMarket.
FNDA:31,NostradaoMarket.
DA:81,31
FN:91,NostradaoMarket.createMarket
FNDA:29,NostradaoMarket.createMarket
DA:99,29
BRDA:99,0,0,2
DA:100,27
BRDA:100,1,0,-
DA:101,27
BRDA:101,2,0,1
DA:102,26
BRDA:102,3,0,1
DA:104,25
DA:105,25
DA:106,25
DA:107,25
DA:108,25
DA:109,25
DA:110,25
DA:111,25
DA:112,25
DA:114,25
FN:120,NostradaoMarket.placeBet
FNDA:35,NostradaoMarket.placeBet
DA:121,35
DA:122,0
BRDA:122,4,0,-
DA:123,35
BRDA:123,5,0,1
DA:124,34
BRDA:124,6,0,-
DA:127,34
DA:128,34
DA:129,34
DA:130,48
BRDA:130,7,0,33
DA:131,33
DA:132,33
DA:134,15
DA:136,34
BRDA:136,8,0,1
DA:139,33
DA:140,33
DA:143,33
DA:146,33
DA:153,33
FN:158,NostradaoMarket.resolveMarket
FNDA:1,NostradaoMarket.resolveMarket
DA:159,1
DA:160,1
BRDA:160,9,0,-
DA:161,1
BRDA:161,10,0,1
DA:162,0
BRDA:162,11,0,-
DA:165,0
DA:166,0
DA:167,0
BRDA:167,12,0,-
DA:168,0
DA:169,0
DA:172,0
BRDA:172,13,0,-
DA:175,0
DA:178,0
FN:183,NostradaoMarket.claimWinnings
FNDA:19,NostradaoMarket.claimWinnings
DA:184,19
DA:185,19
BRDA:185,14,0,1
DA:187,18
DA:188,18
BRDA:188,15,0,1
DA:190,17
DA:191,17
DA:192,17
DA:193,17
DA:196,17
DA:198,17
DA:199,17
DA:200,16
BRDA:200,16,0,16
DA:201,16
DA:202,16
DA:205,17
DA:209,17
BRDA:209,17,0,1
DA:212,16
DA:213,16
DA:214,16
DA:217,16
DA:218,16
DA:219,16
DA:221,16
BRDA:221,18,0,-
DA:223,16
FN:229,NostradaoMarket._transferWinnings
FNDA:0,NostradaoMarket._transferWinnings
DA:231,0
DA:232,0
DA:233,0
DA:236,0
BRDA:236,19,0,-
DA:237,0
DA:238,0
BRDA:238,20,0,-
DA:242,0
BRDA:242,21,0,-
DA:243,0
DA:244,0
BRDA:244,22,0,-
DA:248,0
BRDA:248,23,0,-
DA:249,0
DA:250,0
BRDA:250,24,0,-
FN:257,NostradaoMarket.resolveBet
FNDA:15,NostradaoMarket.resolveBet
DA:258,15
BRDA:258,25,0,-
DA:259,15
DA:260,15
DA:261,15
DA:262,15
FN:268,NostradaoMarket.getMarketInfo
FNDA:3,NostradaoMarket.getMarketInfo
DA:279,3
DA:280,3
FN:294,NostradaoMarket.getMarketBets
FNDA:10,NostradaoMarket.getMarketBets
DA:295,10
FNF:9
FNH:8
LF:88
LH:66
BRF:26
BRH:11
end_of_record
